<?xml version="1.0" encoding="UTF-8"?>
<testng-results ignored="0" total="9" passed="9" failed="0" skipped="0">
  <reporter-output>
  </reporter-output>
  <suite started-at="2025-02-06T16:53:58 EST" name="Suite" finished-at="2025-02-06T16:57:07 EST" duration-ms="188343">
    <groups>
      <group name="cucumber">
        <method signature="AbstractTestNGCucumberTests.runScenario(io.cucumber.testng.PickleWrapper,io.cucumber.testng.FeatureWrapper)[pri:0, instance:TestRunner.Runner@33c911a1]" name="runScenario" class="io.cucumber.testng.AbstractTestNGCucumberTests"/>
      </group> <!-- cucumber -->
    </groups>
    <test started-at="2025-02-06T16:53:58 EST" name="Test" finished-at="2025-02-06T16:57:07 EST" duration-ms="188343">
      <class name="TestRunner.Runner">
        <test-method is-config="true" signature="beforeSuite()[pri:0, instance:TestRunner.Runner@33c911a1]" started-at="2025-02-06T16:53:58 EST" name="beforeSuite" finished-at="2025-02-06T16:53:58 EST" duration-ms="185" status="PASS">
          <reporter-output>
          </reporter-output>
        </test-method> <!-- beforeSuite -->
        <test-method is-config="true" signature="setUpClass(org.testng.ITestContext)[pri:0, instance:TestRunner.Runner@33c911a1]" started-at="2025-02-06T16:53:58 EST" name="setUpClass" finished-at="2025-02-06T16:53:59 EST" duration-ms="472" status="PASS">
          <params>
            <param index="0">
              <value>
                <![CDATA[org.testng.TestRunner@4f2fdf3d]]>
              </value>
            </param>
          </params>
          <reporter-output>
          </reporter-output>
        </test-method> <!-- setUpClass -->
        <test-method signature="runScenario(io.cucumber.testng.PickleWrapper,io.cucumber.testng.FeatureWrapper)[pri:0, instance:TestRunner.Runner@33c911a1]" started-at="2025-02-06T16:53:59 EST" name="runScenario" description="Runs Cucumber Scenarios" data-provider="scenarios" finished-at="2025-02-06T16:54:17 EST" duration-ms="17821" status="PASS">
          <params>
            <param index="0">
              <value>
                <![CDATA["Successful in creating an user account"]]>
              </value>
            </param>
            <param index="1">
              <value>
                <![CDATA["User Creation"]]>
              </value>
            </param>
          </params>
          <reporter-output>
          </reporter-output>
        </test-method> <!-- runScenario -->
        <test-method signature="runScenario(io.cucumber.testng.PickleWrapper,io.cucumber.testng.FeatureWrapper)[pri:0, instance:TestRunner.Runner@33c911a1]" started-at="2025-02-06T16:54:17 EST" name="runScenario" description="Runs Cucumber Scenarios" data-provider="scenarios" finished-at="2025-02-06T16:54:32 EST" duration-ms="15911" status="PASS">
          <params>
            <param index="0">
              <value>
                <![CDATA["Successful in creating an user account"]]>
              </value>
            </param>
            <param index="1">
              <value>
                <![CDATA["User Creation"]]>
              </value>
            </param>
          </params>
          <reporter-output>
          </reporter-output>
        </test-method> <!-- runScenario -->
        <test-method signature="runScenario(io.cucumber.testng.PickleWrapper,io.cucumber.testng.FeatureWrapper)[pri:0, instance:TestRunner.Runner@33c911a1]" started-at="2025-02-06T16:54:33 EST" name="runScenario" description="Runs Cucumber Scenarios" data-provider="scenarios" finished-at="2025-02-06T16:54:41 EST" duration-ms="8830" status="PASS">
          <params>
            <param index="0">
              <value>
                <![CDATA["Validate Error Message in creating an user account"]]>
              </value>
            </param>
            <param index="1">
              <value>
                <![CDATA["User Creation"]]>
              </value>
            </param>
          </params>
          <reporter-output>
          </reporter-output>
        </test-method> <!-- runScenario -->
        <test-method signature="runScenario(io.cucumber.testng.PickleWrapper,io.cucumber.testng.FeatureWrapper)[pri:0, instance:TestRunner.Runner@33c911a1]" started-at="2025-02-06T16:54:41 EST" name="runScenario" description="Runs Cucumber Scenarios" data-provider="scenarios" finished-at="2025-02-06T16:55:07 EST" duration-ms="25939" status="PASS">
          <params>
            <param index="0">
              <value>
                <![CDATA["Successful in creating an user account"]]>
              </value>
            </param>
            <param index="1">
              <value>
                <![CDATA["Add Address"]]>
              </value>
            </param>
          </params>
          <reporter-output>
          </reporter-output>
        </test-method> <!-- runScenario -->
        <test-method signature="runScenario(io.cucumber.testng.PickleWrapper,io.cucumber.testng.FeatureWrapper)[pri:0, instance:TestRunner.Runner@33c911a1]" started-at="2025-02-06T16:55:07 EST" name="runScenario" description="Runs Cucumber Scenarios" data-provider="scenarios" finished-at="2025-02-06T16:55:50 EST" duration-ms="42728" status="PASS">
          <params>
            <param index="0">
              <value>
                <![CDATA["Buy Dress Product successfully"]]>
              </value>
            </param>
            <param index="1">
              <value>
                <![CDATA["Buy Product"]]>
              </value>
            </param>
          </params>
          <reporter-output>
          </reporter-output>
        </test-method> <!-- runScenario -->
        <test-method signature="runScenario(io.cucumber.testng.PickleWrapper,io.cucumber.testng.FeatureWrapper)[pri:0, instance:TestRunner.Runner@33c911a1]" started-at="2025-02-06T16:55:50 EST" name="runScenario" description="Runs Cucumber Scenarios" data-provider="scenarios" finished-at="2025-02-06T16:56:37 EST" duration-ms="46701" status="PASS">
          <params>
            <param index="0">
              <value>
                <![CDATA["Buy Product successfully"]]>
              </value>
            </param>
            <param index="1">
              <value>
                <![CDATA["Buy Product"]]>
              </value>
            </param>
          </params>
          <reporter-output>
          </reporter-output>
        </test-method> <!-- runScenario -->
        <test-method signature="runScenario(io.cucumber.testng.PickleWrapper,io.cucumber.testng.FeatureWrapper)[pri:0, instance:TestRunner.Runner@33c911a1]" started-at="2025-02-06T16:56:37 EST" name="runScenario" description="Runs Cucumber Scenarios" data-provider="scenarios" finished-at="2025-02-06T16:56:45 EST" duration-ms="8691" status="PASS">
          <params>
            <param index="0">
              <value>
                <![CDATA["Successful login with valid credentials"]]>
              </value>
            </param>
            <param index="1">
              <value>
                <![CDATA["Login"]]>
              </value>
            </param>
          </params>
          <reporter-output>
          </reporter-output>
        </test-method> <!-- runScenario -->
        <test-method signature="runScenario(io.cucumber.testng.PickleWrapper,io.cucumber.testng.FeatureWrapper)[pri:0, instance:TestRunner.Runner@33c911a1]" started-at="2025-02-06T16:56:45 EST" name="runScenario" description="Runs Cucumber Scenarios" data-provider="scenarios" finished-at="2025-02-06T16:56:55 EST" duration-ms="9442" status="PASS">
          <params>
            <param index="0">
              <value>
                <![CDATA["Successful login with invalid credentials"]]>
              </value>
            </param>
            <param index="1">
              <value>
                <![CDATA["Login"]]>
              </value>
            </param>
          </params>
          <reporter-output>
          </reporter-output>
        </test-method> <!-- runScenario -->
        <test-method signature="runScenario(io.cucumber.testng.PickleWrapper,io.cucumber.testng.FeatureWrapper)[pri:0, instance:TestRunner.Runner@33c911a1]" started-at="2025-02-06T16:56:55 EST" name="runScenario" description="Runs Cucumber Scenarios" data-provider="scenarios" finished-at="2025-02-06T16:57:07 EST" duration-ms="11752" status="PASS">
          <params>
            <param index="0">
              <value>
                <![CDATA["Order History verification"]]>
              </value>
            </param>
            <param index="1">
              <value>
                <![CDATA["Order History Validation"]]>
              </value>
            </param>
          </params>
          <reporter-output>
          </reporter-output>
        </test-method> <!-- runScenario -->
        <test-method is-config="true" signature="tearDownClass()[pri:0, instance:TestRunner.Runner@33c911a1]" started-at="2025-02-06T16:57:07 EST" name="tearDownClass" finished-at="2025-02-06T16:57:07 EST" duration-ms="11" status="PASS">
          <reporter-output>
          </reporter-output>
        </test-method> <!-- tearDownClass -->
        <test-method is-config="true" signature="afterSuite()[pri:0, instance:TestRunner.Runner@33c911a1]" started-at="2025-02-06T16:57:07 EST" name="afterSuite" finished-at="2025-02-06T16:57:07 EST" duration-ms="8" status="PASS">
          <reporter-output>
          </reporter-output>
        </test-method> <!-- afterSuite -->
      </class> <!-- TestRunner.Runner -->
    </test> <!-- Test -->
  </suite> <!-- Suite -->
</testng-results>
