<?xml version="1.0" encoding="UTF-8"?>
<testng-results ignored="0" total="1" passed="1" failed="0" skipped="0">
  <reporter-output>
  </reporter-output>
  <suite started-at="2025-02-05T17:18:03 EST" name="Default suite" finished-at="2025-02-05T17:18:15 EST" duration-ms="12450">
    <groups>
      <group name="cucumber">
        <method signature="AbstractTestNGCucumberTests.runScenario(io.cucumber.testng.PickleWrapper,io.cucumber.testng.FeatureWrapper)[pri:0, instance:TestRunner.Runner@33c911a1]" name="runScenario" class="io.cucumber.testng.AbstractTestNGCucumberTests"/>
      </group> <!-- cucumber -->
    </groups>
    <test started-at="2025-02-05T17:18:03 EST" name="Default test" finished-at="2025-02-05T17:18:15 EST" duration-ms="12450">
      <class name="TestRunner.Runner">
        <test-method is-config="true" signature="beforeSuite()[pri:0, instance:TestRunner.Runner@33c911a1]" started-at="2025-02-05T17:18:03 EST" name="beforeSuite" finished-at="2025-02-05T17:18:03 EST" duration-ms="194" status="PASS">
          <reporter-output>
          </reporter-output>
        </test-method> <!-- beforeSuite -->
        <test-method is-config="true" signature="setUpClass(org.testng.ITestContext)[pri:0, instance:TestRunner.Runner@33c911a1]" started-at="2025-02-05T17:18:03 EST" name="setUpClass" finished-at="2025-02-05T17:18:03 EST" duration-ms="395" status="PASS">
          <params>
            <param index="0">
              <value>
                <![CDATA[org.testng.TestRunner@29d405e6]]>
              </value>
            </param>
          </params>
          <reporter-output>
          </reporter-output>
        </test-method> <!-- setUpClass -->
        <test-method signature="runScenario(io.cucumber.testng.PickleWrapper,io.cucumber.testng.FeatureWrapper)[pri:0, instance:TestRunner.Runner@33c911a1]" started-at="2025-02-05T17:18:03 EST" name="runScenario" description="Runs Cucumber Scenarios" data-provider="scenarios" finished-at="2025-02-05T17:18:15 EST" duration-ms="12004" status="PASS">
          <params>
            <param index="0">
              <value>
                <![CDATA["Order History verification"]]>
              </value>
            </param>
            <param index="1">
              <value>
                <![CDATA["Order History Validation"]]>
              </value>
            </param>
          </params>
          <reporter-output>
          </reporter-output>
        </test-method> <!-- runScenario -->
        <test-method is-config="true" signature="tearDownClass()[pri:0, instance:TestRunner.Runner@33c911a1]" started-at="2025-02-05T17:18:15 EST" name="tearDownClass" finished-at="2025-02-05T17:18:15 EST" duration-ms="19" status="PASS">
          <reporter-output>
          </reporter-output>
        </test-method> <!-- tearDownClass -->
        <test-method is-config="true" signature="afterSuite()[pri:0, instance:TestRunner.Runner@33c911a1]" started-at="2025-02-05T17:18:15 EST" name="afterSuite" finished-at="2025-02-05T17:18:16 EST" duration-ms="7" status="PASS">
          <reporter-output>
          </reporter-output>
        </test-method> <!-- afterSuite -->
      </class> <!-- TestRunner.Runner -->
    </test> <!-- Default test -->
  </suite> <!-- Default suite -->
</testng-results>
